{
  "RSpec": {
    "coverage": {
      "/Users/Guest/Desktop/travel_api/spec/requests/get_locations_spec.rb": [
        1,
        null,
        1,
        4,
        null,
        4,
        null,
        1,
        1,
        null,
        null,
        1,
        1,
        null,
        null,
        4,
        null,
        1,
        1,
        null,
        null
      ],
      "/Users/Guest/Desktop/travel_api/spec/rails_helper.rb": [
        null,
        1,
        1,
        null,
        1,
        null,
        null,
        1,
        1,
        null,
        null,
        null,
        null,
        null,
        null,
        null,
        null,
        null,
        null,
        null,
        null,
        null,
        null,
        null,
        null,
        null,
        null,
        null,
        null,
        1,
        null,
        0,
        0,
        null,
        1,
        null,
        1,
        null,
        null,
        null,
        null,
        1,
        null,
        null,
        null,
        null,
        null,
        null,
        null,
        null,
        null,
        null,
        null,
        null,
        null,
        null,
        1,
        null,
        null,
        1,
        null,
        null,
        null
      ],
      "/Users/Guest/Desktop/travel_api/config/environment.rb": [
        null,
        1,
        null,
        null,
        1
      ],
      "/Users/Guest/Desktop/travel_api/config/application.rb": [
        1,
        null,
        1,
        null,
        1,
        1,
        1,
        1,
        1,
        1,
        1,
        1,
        null,
        null,
        null,
        null,
        null,
        1,
        null,
        1,
        1,
        null,
        1,
        null,
        null,
        null,
        null,
        null,
        null,
        null,
        null,
        null,
        1,
        null,
        null
      ],
      "/Users/Guest/Desktop/travel_api/config/boot.rb": [
        1,
        null,
        1,
        1
      ],
      "/Users/Guest/Desktop/travel_api/config/environments/test.rb": [
        1,
        null,
        null,
        null,
        null,
        null,
        null,
        1,
        null,
        null,
        null,
        null,
        1,
        null,
        null,
        1,
        1,
        null,
        null,
        null,
        null,
        1,
        1,
        null,
        null,
        1,
        null,
        null,
        1,
        null,
        null,
        1,
        null,
        1,
        null,
        null,
        null,
        null,
        1,
        null,
        null,
        1,
        null,
        null,
        null,
        null
      ],
      "/Users/Guest/Desktop/travel_api/config/initializers/application_controller_renderer.rb": [
        null,
        null,
        null,
        null,
        null,
        null,
        null,
        null
      ],
      "/Users/Guest/Desktop/travel_api/config/initializers/backtrace_silencers.rb": [
        null,
        null,
        null,
        null,
        null,
        null,
        null
      ],
      "/Users/Guest/Desktop/travel_api/config/initializers/cors.rb": [
        null,
        null,
        null,
        null,
        null,
        null,
        null,
        null,
        null,
        null,
        null,
        null,
        null,
        null,
        null,
        null
      ],
      "/Users/Guest/Desktop/travel_api/config/initializers/filter_parameter_logging.rb": [
        null,
        null,
        null,
        1
      ],
      "/Users/Guest/Desktop/travel_api/config/initializers/inflections.rb": [
        null,
        null,
        null,
        null,
        null,
        null,
        null,
        null,
        null,
        null,
        null,
        null,
        null,
        null,
        null,
        null
      ],
      "/Users/Guest/Desktop/travel_api/config/initializers/mime_types.rb": [
        null,
        null,
        null,
        null
      ],
      "/Users/Guest/Desktop/travel_api/config/initializers/wrap_parameters.rb": [
        null,
        null,
        null,
        null,
        null,
        null,
        1,
        2,
        null,
        null,
        null,
        null,
        null,
        null
      ],
      "/Users/Guest/Desktop/travel_api/spec/factories.rb": [
        1,
        1,
        61,
        61,
        null,
        1,
        1,
        5,
        5,
        5,
        null,
        null,
        null
      ],
      "/Users/Guest/Desktop/travel_api/config/routes.rb": [
        1,
        1,
        1,
        null,
        1,
        null,
        null
      ],
      "/Users/Guest/Desktop/travel_api/spec/requests/post_route_spec.rb": [
        1,
        null,
        1,
        null,
        1,
        3,
        null,
        null,
        1,
        1,
        null,
        null,
        1,
        1,
        null,
        null,
        1,
        1,
        null,
        null
      ],
      "/Users/Guest/Desktop/travel_api/app/models/location.rb": [
        1,
        1,
        1,
        3,
        null,
        null,
        null,
        null,
        null
      ],
      "/Users/Guest/Desktop/travel_api/app/models/application_record.rb": [
        1,
        1,
        null
      ],
      "/Users/Guest/Desktop/travel_api/app/controllers/locations_controller.rb": [
        1,
        null,
        1,
        3,
        3,
        null,
        null,
        1,
        0,
        0,
        null,
        null,
        1,
        3,
        3,
        null,
        null,
        1,
        3,
        3,
        null,
        null,
        1,
        0,
        0,
        0,
        null,
        null,
        null,
        null,
        null,
        1,
        0,
        0,
        null,
        null,
        1,
        1,
        9,
        null,
        null,
        1,
        3,
        null,
        null
      ],
      "/Users/Guest/Desktop/travel_api/app/controllers/application_controller.rb": [
        1,
        null,
        1,
        null,
        1,
        0,
        null,
        null
      ],
      "/Users/Guest/Desktop/travel_api/app/controllers/concerns/response.rb": [
        1,
        1,
        0,
        null,
        null
      ],
      "/Users/Guest/Desktop/travel_api/app/serializers/location_serializer.rb": [
        1,
        1,
        null,
        1,
        null
      ],
      "/Users/Guest/Desktop/travel_api/app/models/review.rb": [
        1,
        1,
        null
      ]
    },
    "timestamp": 1580249019
  }
}
